app/seeds.txt
com.google.android.gms.measurement.internal.AppMeasurementDynamiteService: void onActivityStopped(com.google.android.gms.dynamic.IObjectWrapper,long)
com.razorpay.c__C_$10: com.razorpay.c__C_ R$$r_
com.razorpay.BuildConfig: BuildConfig()
com.razorpay.l_$w$: void a_$P$()
androidx.appcompat.R$style: int Base_Animation_AppCompat_Dialog
com.razorpay.l__d$: boolean C__D$()
com.razorpay.c__C_: void a_$P$(com.razorpay.c__C_$Q_$2$)
com.google.android.material.R$attr: int colorSurface
com.freshfastfood.model.OrderDatum: java.lang.String mOid
com.razorpay.R$styleable: int ColorStateListItem_android_alpha
androidx.appcompat.R$attr: int buttonPanelSideLayout
com.google.android.material.R$style: int Test_ShapeAppearanceOverlay_MaterialComponents_MaterialCalendar_Day
io.card.payment.CreditCard: java.lang.String scanId
com.razorpay.AnalyticsEvent: com.razorpay.AnalyticsEvent AMAZON_PWAIN_CALLBACK_PAYMENT_VALIDATION_FAILURE
androidx.core.R$styleable: int ColorStateListItem_alpha
android.support.v4.graphics.drawable.IconCompatParcelizer: IconCompatParcelizer()
androidx.appcompat.R$styleable: int AppCompatTheme_popupWindowStyle
com.google.android.material.snackbar.BaseTransientBottomBar$SnackbarBaseLayout: void setOnClickListener(android.view.View$OnClickListener)
com.razorpay.RzpAssist: void openKeyboard()
com.razorpay.RzpAssist: void reset()
androidx.appcompat.R$drawable: int abc_ic_star_half_black_16dp
com.google.android.gms.internal.measurement.zzbk$zzf: com.google.android.gms.internal.measurement.zzbk$zzf zzh
com.paypal.android.sdk.dv: com.paypal.android.sdk.dv[] values()
androidx.appcompat.widget.Toolbar: void setLogo(android.graphics.drawable.Drawable)
com.razorpay.BaseUtils: double round(double,int)
androidx.appcompat.R$layout: int abc_activity_chooser_view
com.google.android.material.R$styleable: int AppCompatTheme_listPreferredItemPaddingStart
com.google.android.material.appbar.AppBarLayout$BaseBehavior$SavedState: android.os.Parcelable$Creator CREATOR
com.razorpay.c__C_$12: c__C_$12(com.razorpay.c__C_,java.lang.String,java.lang.String,java.lang.String)
androidx.recyclerview.widget.RecyclerView: androidx.recyclerview.widget.RecyclerView$LayoutManager mLayout
androidx.appcompat.widget.Toolbar: void setNavigationIcon(int)
com.google.android.gms.internal.location.zzbf: android.os.Parcelable$Creator CREATOR
androidx.appcompat.R$style: int Base_TextAppearance_AppCompat_Widget_ActionBar_Menu
com.google.android.material.R$dimen: int default_dimension
com.razorpay.PaymentData: org.json.JSONObject b__J_
com.google.android.material.R$styleable: int ViewPager2_android_orientation
com.google.android.material.R$drawable: int abc_seekbar_tick_mark_material
com.google.android.material.R$attr: int contentDescription
permission.auron.com.marshmallowpermissionhelper.ActivityManagePermission: ActivityManagePermission()
com.kofigyan.stateprogressbar.R$styleable: int AppCompatTextView_fontFamily
androidx.appcompat.R$styleable: int ActionMode_height
androidx.appcompat.R$id: int uniform
com.freshfastfood.activity.InfoActivity: InfoActivity()
com.kofigyan.stateprogressbar.R$styleable: int ActivityChooserView_expandActivityOverflowButtonDrawable
com.razorpay.R$color: int tooltip_background_light
com.razorpay.R$attr: int titleMarginEnd
androidx.appcompat.R$style: int Widget_AppCompat_Light_Spinner_DropDown_ActionBar
com.google.android.material.R$styleable: int Chip_iconStartPadding
com.freshfastfood.model.Productinfo: int discount
com.google.android.gms.common.GooglePlayServicesUtil: android.content.Context getRemoteContext(android.content.Context)
com.merhold.extensiblepageindicator.R$dimen: int abc_action_button_min_width_material
com.razorpay.BaseUtils: int getDisplayWidth(android.app.Activity)
com.google.android.material.tabs.TabLayout: void setupWithViewPager(androidx.viewpager.widget.ViewPager)
androidx.appcompat.R$style: int Base_Widget_AppCompat_DrawerArrowToggle