app/unused.txt
android.support.v4.media.MediaBrowserCompatApi21$SubscriptionCallback
com.onesignal.R$anim:
    private void <init>()
com.google.android.gms.common.api.PendingResults$zac
androidx.recyclerview.widget.DiffUtil
permission.auron.com.marshmallowpermissionhelper.R$dimen
androidx.transition.CircularPropagation
com.bumptech.glide.load.resource.gif.GifBitmapProvider:
    public void <init>(com.bumptech.glide.load.engine.bitmap_recycle.BitmapPool)
okio.ByteString:
    public static okio.ByteString of(byte[],int,int)
    public static okio.ByteString of(java.nio.ByteBuffer)
    public static okio.ByteString encodeString(java.lang.String,java.nio.charset.Charset)
    private okio.ByteString hmac(java.lang.String,okio.ByteString)
    public static okio.ByteString decodeBase64(java.lang.String)
    public static okio.ByteString read(java.io.InputStream,int)
    private void readObject(java.io.ObjectInputStream)
    private void writeObject(java.io.ObjectOutputStream)
    public java.lang.String string(java.nio.charset.Charset)
    public okio.ByteString md5()
    public okio.ByteString sha512()
    public okio.ByteString hmacSha1(okio.ByteString)
    public okio.ByteString hmacSha256(okio.ByteString)
    public okio.ByteString hmacSha512(okio.ByteString)
    public java.lang.String base64Url()
    public okio.ByteString toAsciiUppercase()
    public okio.ByteString substring(int)
    byte[] internalArray()
    public java.nio.ByteBuffer asByteBuffer()
    public void write(java.io.OutputStream)
    public final boolean startsWith(byte[])
    public final boolean endsWith(okio.ByteString)
    public final boolean endsWith(byte[])
    public final int indexOf(okio.ByteString)
    public final int indexOf(okio.ByteString,int)
    public final int indexOf(byte[])
    public int indexOf(byte[],int)
    public final int lastIndexOf(okio.ByteString)
com.google.android.gms.internal.firebase_auth.zzfp
com.google.android.material.internal.ViewUtils$RelativePadding
com.google.android.gms.common.api.internal.zaa
com.google.android.gms.tasks.OnTokenCanceledListener
com.google.android.material.shape.EdgeTreatment:
    public void getEdgePath(float,float,com.google.android.material.shape.ShapePath)
com.bumptech.glide.load.engine.ResourceRecycler$ResourceRecyclerCallback:
    static final int RECYCLE_RESOURCE
com.google.android.material.bottomnavigation.BottomNavigationView$SavedState
androidx.fragment.app.DialogFragment:
    public void setStyle(int,int)
    public int show(androidx.fragment.app.FragmentTransaction,java.lang.String)
    public void showNow(androidx.fragment.app.FragmentManager,java.lang.String)
    public void dismiss()
    public void dismissAllowingStateLoss()
    public android.app.Dialog getDialog()
    public final android.app.Dialog requireDialog()
    public int getTheme()
    public void setCancelable(boolean)
    public boolean isCancelable()
    public boolean getShowsDialog()
    public void onCancel(android.content.DialogInterface)
    public static final int STYLE_NORMAL
    public static final int STYLE_NO_TITLE
    public static final int STYLE_NO_FRAME
    public static final int STYLE_NO_INPUT
    private static final java.lang.String SAVED_DIALOG_STATE_TAG
    private static final java.lang.String SAVED_STYLE
    private static final java.lang.String SAVED_THEME
    private static final java.lang.String SAVED_CANCELABLE
    private static final java.lang.String SAVED_SHOWS_DIALOG
    private static final java.lang.String SAVED_BACK_STACK_ID
com.google.firebase.auth.ActionCodeResult$Operation
com.google.android.gms.auth.api.signin.zaa
permission.auron.com.marshmallowpermissionhelper.R$string
okhttp3.Cookie$Builder
dagger.internal.ProviderOfLazy
androidx.slidingpanelayout.R$styleable
com.google.android.gms.location.Geofence
com.merhold.extensiblepageindicator.R$styleable:
    private void <init>()